<?xml version="1.0" encoding="UTF-8"?>
<testng-results skipped="0" failed="0" ignored="0" total="1" passed="1">
  <reporter-output>
  </reporter-output>
  <suite name="Command line suite" duration-ms="8" started-at="2017-07-08T18:34:50Z" finished-at="2017-07-08T18:34:50Z">
    <groups>
    </groups>
    <test name="Command line test" duration-ms="8" started-at="2017-07-08T18:34:50Z" finished-at="2017-07-08T18:34:50Z">
      <class name="MyProjectRep.MyFirstProject.AppTest">
        <test-method status="PASS" signature="testApp()[pri:0, instance:testApp(MyProjectRep.MyFirstProject.AppTest)]" name="testApp" duration-ms="1" started-at="2017-07-08T14:34:50Z" finished-at="2017-07-08T14:34:50Z">
          <reporter-output>
          </reporter-output>
        </test-method> <!-- testApp -->
      </class> <!-- MyProjectRep.MyFirstProject.AppTest -->
    </test> <!-- Command line test -->
  </suite> <!-- Command line suite -->
</testng-results>
